🏀 Updating NBA 2024-25 season
🏈 Updating NFL 2025 season
🚀 Starting comprehensive database update...
📅 Date: 2025-09-23 05:34:04
🏀 NBA Season: 2024-25
🏈 NFL Season: 2025
==================================================
🏀 Starting NBA database update...
📥 Fetching all current NBA players...
Found 572 active players
  Processed 0/572 players...
  Processed 50/572 players...
  Processed 100/572 players...
  Processed 150/572 players...
  Processed 200/572 players...
  Processed 250/572 players...
  Processed 300/572 players...
  Processed 350/572 players...
  Processed 400/572 players...
  Processed 450/572 players...
  Processed 500/572 players...
  Processed 550/572 players...
✅ Updated 572 active NBA players
📥 Fetching current season games...
⚠️ Error fetching games: HTTPSConnectionPool(host='stats.nba.com', port=443): Read timed out. (read timeout=30)
📥 Updating recent game logs for key players...
  ⚠️ Error for player Precious Achiuwa: HTTPSConnectionPool(host='stats.nba.com', port=443): Read timed out. (read timeout=30)
  ⚠️ Error for player Steven Adams: HTTPSConnectionPool(host='stats.nba.com', port=443): Read timed out. (read timeout=30)
  ⚠️ Error for player Bam Adebayo: HTTPSConnectionPool(host='stats.nba.com', port=443): Read timed out. (read timeout=30)
  ⚠️ Error for player Ochai Agbaji: HTTPSConnectionPool(host='stats.nba.com', port=443): Read timed out. (read timeout=30)
  ⚠️ Error for player Santi Aldama: HTTPSConnectionPool(host='stats.nba.com', port=443): Read timed out. (read timeout=30)
  ⚠️ Error for player Trey Alexander: HTTPSConnectionPool(host='stats.nba.com', port=443): Read timed out. (read timeout=30)
  ⚠️ Error for player Nickeil Alexander-Walker: HTTPSConnectionPool(host='stats.nba.com', port=443): Read timed out. (read timeout=30)
  ⚠️ Error for player Grayson Allen: HTTPSConnectionPool(host='stats.nba.com', port=443): Read timed out. (read timeout=30)
  ⚠️ Error for player Jarrett Allen: HTTPSConnectionPool(host='stats.nba.com', port=443): Read timed out. (read timeout=30)
  ⚠️ Error for player Jose Alvarado: HTTPSConnectionPool(host='stats.nba.com', port=443): Read timed out. (read timeout=30)
  ⚠️ Error for player Kyle Anderson: HTTPSConnectionPool(host='stats.nba.com', port=443): Read timed out. (read timeout=30)
  ⚠️ Error for player Giannis Antetokounmpo: HTTPSConnectionPool(host='stats.nba.com', port=443): Read timed out. (read timeout=30)
  ⚠️ Error for player Cole Anthony: HTTPSConnectionPool(host='stats.nba.com', port=443): Read timed out. (read timeout=30)
  ⚠️ Error for player OG Anunoby: HTTPSConnectionPool(host='stats.nba.com', port=443): Read timed out. (read timeout=30)
  ⚠️ Error for player Taran Armstrong: HTTPSConnectionPool(host='stats.nba.com', port=443): Read timed out. (read timeout=30)
  ⚠️ Error for player Deni Avdija: HTTPSConnectionPool(host='stats.nba.com', port=443): Read timed out. (read timeout=30)
  ⚠️ Error for player Deandre Ayton: HTTPSConnectionPool(host='stats.nba.com', port=443): Read timed out. (read timeout=30)
