2025-01-12 16:44:24,820 INFO: Basketball Betting Helper startup [in /Users/rithv/Data Management/AI Basketball Helper/src/app.py:24]
2025-01-12 16:58:18,724 INFO: Basketball Betting Helper startup [in /Users/rithv/Data Management/AI Basketball Helper/src/app.py:24]
2025-01-12 16:58:21,866 INFO: Basketball Betting Helper startup [in /Users/rithv/Data Management/AI Basketball Helper/src/app.py:24]
2025-01-12 19:18:49,122 INFO: Basketball Betting Helper startup [in /Users/rithv/Data Management/AI Basketball Helper/src/app.py:24]
2025-01-12 19:20:30,582 INFO: Basketball Betting Helper startup [in /Users/rithv/Data Management/AI Basketball Helper/src/app.py:24]
2025-01-12 19:29:51,843 INFO: Basketball Betting Helper startup [in /Users/rithv/Data Management/AI Basketball Helper/src/app.py:24]
2025-01-12 19:30:49,438 INFO: Basketball Betting Helper startup [in /Users/rithv/Data Management/AI Basketball Helper/src/app.py:24]
2025-01-12 19:30:59,913 INFO: Basketball Betting Helper startup [in /Users/rithv/Data Management/AI Basketball Helper/src/app.py:24]
2025-01-12 19:31:10,241 INFO: Basketball Betting Helper startup [in /Users/rithv/Data Management/AI Basketball Helper/src/app.py:24]
2025-01-12 19:31:11,795 INFO: Basketball Betting Helper startup [in /Users/rithv/Data Management/AI Basketball Helper/src/app.py:24]
2025-01-13 13:37:15,811 INFO: Basketball Betting Helper startup [in /Users/rithv/Data Management/AI Basketball Helper/src/app.py:24]
2025-01-13 13:37:17,557 INFO: Basketball Betting Helper startup [in /Users/rithv/Data Management/AI Basketball Helper/src/app.py:24]
2025-01-15 17:31:51,285 INFO: Basketball Betting Helper startup [in /Users/rithv/Data Management/AI Basketball Helper/src/app.py:24]
2025-01-15 17:31:52,889 INFO: Basketball Betting Helper startup [in /Users/rithv/Data Management/AI Basketball Helper/src/app.py:24]
2025-01-17 17:00:11,883 INFO: Basketball Betting Helper startup [in /Users/rithv/Data Management/AI Basketball Helper/src/app.py:24]
2025-01-17 17:00:16,160 INFO: Basketball Betting Helper startup [in /Users/rithv/Data Management/AI Basketball Helper/src/app.py:24]
2025-01-17 22:23:19,082 INFO: Basketball Betting Helper startup [in /Users/rithv/Data Management/AI Basketball Helper/src/app.py:24]
2025-01-18 14:06:32,708 INFO: Basketball Betting Helper startup [in /Users/rithv/Data Management/AI Basketball Helper/src/app.py:24]
2025-01-18 14:14:43,641 INFO: Basketball Betting Helper startup [in /Users/rithv/Data Management/AI Basketball Helper/src/app.py:24]
2025-01-18 14:39:57,892 INFO: Basketball Betting Helper startup [in /Users/rithv/Data Management/AI Basketball Helper/src/app.py:24]
2025-01-18 14:40:00,419 INFO: Basketball Betting Helper startup [in /Users/rithv/Data Management/AI Basketball Helper/src/app.py:24]
2025-01-18 14:47:42,751 INFO: Basketball Betting Helper startup [in /Users/rithv/Data Management/AI Basketball Helper/src/app.py:24]
2025-01-18 14:51:43,492 INFO: Basketball Betting Helper startup [in /Users/rithv/Data Management/AI Basketball Helper/src/app.py:24]
2025-01-18 16:20:49,303 INFO: Basketball Betting Helper startup [in /Users/rithv/Data Management/AI Basketball Helper/src/app.py:24]
2025-01-18 16:24:47,134 INFO: Basketball Betting Helper startup [in /Users/rithv/Data Management/AI Basketball Helper/src/app.py:24]
2025-01-18 16:31:49,620 INFO: Basketball Betting Helper startup [in /Users/rithv/Data Management/AI Basketball Helper/src/app.py:24]
2025-01-18 17:39:23,557 INFO: Basketball Betting Helper startup [in /Users/rithv/Data Management/AI Basketball Helper/src/app.py:24]
2025-01-18 17:39:35,224 INFO: Basketball Betting Helper startup [in /Users/rithv/Data Management/AI Basketball Helper/src/app.py:24]
2025-09-08 05:41:04,017 INFO: Basketball Betting Helper startup [in /home/user/webapp/src/app.py:24]
2025-09-08 05:41:05,877 INFO: Basketball Betting Helper startup [in /home/user/webapp/src/app.py:24]
2025-09-08 05:41:10,458 INFO: Basketball Betting Helper startup [in /home/user/webapp/src/app.py:24]
2025-09-08 05:41:12,205 INFO: Basketball Betting Helper startup [in /home/user/webapp/src/app.py:24]
2025-09-08 05:51:23,831 INFO: Basketball Betting Helper startup [in /home/user/webapp/src/app.py:24]
2025-09-08 05:52:31,846 INFO: Basketball Betting Helper startup [in /home/user/webapp/src/app.py:24]
2025-09-08 05:53:30,844 INFO: Basketball Betting Helper startup [in /home/user/webapp/src/app.py:24]
2025-09-08 05:54:51,563 INFO: Basketball Betting Helper startup [in /home/user/webapp/src/app.py:24]
2025-09-08 05:56:15,477 INFO: Basketball Betting Helper startup [in /home/user/webapp/src/app.py:24]
2025-09-08 05:57:28,193 INFO: Basketball Betting Helper startup [in /home/user/webapp/src/app.py:24]
2025-09-08 06:12:02,354 INFO: Basketball Betting Helper startup [in /home/user/webapp/src/app.py:58]
2025-09-11 22:33:58,440 INFO: Basketball Betting Helper startup [in /home/user/webapp/src/app.py:60]
2025-09-11 22:34:00,467 INFO: Basketball Betting Helper startup [in /home/user/webapp/src/app.py:60]
2025-09-12 19:11:43,610 ERROR: Error searching NFL players: 'NFLBettingHelper' object has no attribute 'get_player_suggestions' [in /home/user/webapp/src/app.py:497]
2025-09-12 19:11:43,736 ERROR: Error searching NFL players: 'NFLBettingHelper' object has no attribute 'get_player_suggestions' [in /home/user/webapp/src/app.py:497]
2025-09-12 19:11:43,966 ERROR: Error searching NFL players: 'NFLBettingHelper' object has no attribute 'get_player_suggestions' [in /home/user/webapp/src/app.py:497]
2025-09-12 19:11:44,036 ERROR: Error searching NFL players: 'NFLBettingHelper' object has no attribute 'get_player_suggestions' [in /home/user/webapp/src/app.py:497]
2025-09-12 19:11:44,394 ERROR: Error searching NFL players: 'NFLBettingHelper' object has no attribute 'get_player_suggestions' [in /home/user/webapp/src/app.py:497]
2025-09-12 19:11:45,943 ERROR: Error searching NFL players: 'NFLBettingHelper' object has no attribute 'get_player_suggestions' [in /home/user/webapp/src/app.py:497]
2025-09-12 19:11:46,361 ERROR: Error searching NFL players: 'NFLBettingHelper' object has no attribute 'get_player_suggestions' [in /home/user/webapp/src/app.py:497]
2025-09-12 19:11:46,758 ERROR: Error searching NFL players: 'NFLBettingHelper' object has no attribute 'get_player_suggestions' [in /home/user/webapp/src/app.py:497]
2025-09-12 19:11:47,414 ERROR: Error searching NFL players: 'NFLBettingHelper' object has no attribute 'get_player_suggestions' [in /home/user/webapp/src/app.py:497]
2025-09-12 19:11:47,604 ERROR: Error searching NFL players: 'NFLBettingHelper' object has no attribute 'get_player_suggestions' [in /home/user/webapp/src/app.py:497]
2025-09-12 19:14:32,932 INFO: Basketball Betting Helper startup [in /home/user/webapp/src/app.py:60]
2025-09-12 19:14:40,842 INFO: Basketball Betting Helper startup [in /home/user/webapp/src/app.py:60]
2025-09-12 19:14:46,226 INFO: Basketball Betting Helper startup [in /home/user/webapp/src/app.py:60]
2025-09-12 19:14:56,702 INFO: Basketball Betting Helper startup [in /home/user/webapp/src/app.py:60]
2025-09-12 19:14:58,673 INFO: Basketball Betting Helper startup [in /home/user/webapp/src/app.py:60]
2025-09-12 19:15:00,132 ERROR: Error getting NFL outdoor teams: 'NFLWeatherSystem' object has no attribute 'get_outdoor_stadium_teams' [in /home/user/webapp/src/app.py:632]
2025-09-12 19:15:39,000 INFO: Basketball Betting Helper startup [in /home/user/webapp/src/app.py:60]
2025-09-12 19:15:42,864 INFO: Basketball Betting Helper startup [in /home/user/webapp/src/app.py:60]
2025-09-12 19:15:44,732 INFO: Basketball Betting Helper startup [in /home/user/webapp/src/app.py:60]
2025-09-12 19:15:46,832 ERROR: Error getting NFL outdoor teams: 'NFLWeatherSystem' object has no attribute 'stadiums' [in /home/user/webapp/src/app.py:632]
2025-09-12 19:15:59,122 INFO: Basketball Betting Helper startup [in /home/user/webapp/src/app.py:60]
2025-09-12 19:16:02,759 INFO: Basketball Betting Helper startup [in /home/user/webapp/src/app.py:60]
2025-09-12 19:16:04,691 INFO: Basketball Betting Helper startup [in /home/user/webapp/src/app.py:60]
2025-09-12 19:33:31,845 INFO: Basketball Betting Helper startup [in /home/user/webapp/src/app.py:60]
2025-09-12 19:35:28,936 INFO: Basketball Betting Helper startup [in /home/user/webapp/src/app.py:60]
2025-09-12 19:35:30,840 INFO: Basketball Betting Helper startup [in /home/user/webapp/src/app.py:60]
